E:\YANG\PROJECT\VISUAL STUDIO\LDSCDMA\DEBUG\LDSCDMAREGULAR.EXE
E:\YANG\PROJECT\VISUAL STUDIO\LDSCDMA\DEBUG\LDSCDMAREGULAR.ILK
E:\YANG\PROJECT\VISUAL STUDIO\LDSCDMA\DEBUG\LDSCDMAREGULAR.PDB
E:\Yang\project\visual studio\LdsCdma\LdsCdmaRegular\Debug\cl.command.1.tlog
E:\Yang\project\visual studio\LdsCdma\LdsCdmaRegular\Debug\CL.read.1.tlog
E:\Yang\project\visual studio\LdsCdma\LdsCdmaRegular\Debug\CL.write.1.tlog
E:\YANG\PROJECT\VISUAL STUDIO\LDSCDMA\LDSCDMAREGULAR\DEBUG\COMM.OBJ
E:\YANG\PROJECT\VISUAL STUDIO\LDSCDMA\LDSCDMAREGULAR\DEBUG\COMPLEX.OBJ
E:\YANG\PROJECT\VISUAL STUDIO\LDSCDMA\LDSCDMAREGULAR\DEBUG\LDSCDMAREGULAR.EXE.EMBED.MANIFEST
E:\YANG\PROJECT\VISUAL STUDIO\LDSCDMA\LDSCDMAREGULAR\DEBUG\LDSCDMAREGULAR.EXE.EMBED.MANIFEST.RES
E:\YANG\PROJECT\VISUAL STUDIO\LDSCDMA\LDSCDMAREGULAR\DEBUG\LDSCDMAREGULAR.EXE.INTERMEDIATE.MANIFEST
E:\YANG\PROJECT\VISUAL STUDIO\LDSCDMA\LDSCDMAREGULAR\DEBUG\LDSCDMAREGULAR.OBJ
E:\YANG\PROJECT\VISUAL STUDIO\LDSCDMA\LDSCDMAREGULAR\DEBUG\LDSCDMAREGULAR.PCH
E:\Yang\project\visual studio\LdsCdma\LdsCdmaRegular\Debug\LdsCdmaRegular_manifest.rc
E:\Yang\project\visual studio\LdsCdma\LdsCdmaRegular\Debug\link.6140.read.1.tlog
E:\Yang\project\visual studio\LdsCdma\LdsCdmaRegular\Debug\link.6140.write.1.tlog
E:\Yang\project\visual studio\LdsCdma\LdsCdmaRegular\Debug\link.6140-cvtres.read.1.tlog
E:\Yang\project\visual studio\LdsCdma\LdsCdmaRegular\Debug\link.6140-cvtres.write.1.tlog
E:\Yang\project\visual studio\LdsCdma\LdsCdmaRegular\Debug\link.7368.read.1.tlog
E:\Yang\project\visual studio\LdsCdma\LdsCdmaRegular\Debug\link.7368.write.1.tlog
E:\Yang\project\visual studio\LdsCdma\LdsCdmaRegular\Debug\link.7368-cvtres.read.1.tlog
E:\Yang\project\visual studio\LdsCdma\LdsCdmaRegular\Debug\link.7368-cvtres.write.1.tlog
E:\Yang\project\visual studio\LdsCdma\LdsCdmaRegular\Debug\link.command.1.tlog
E:\Yang\project\visual studio\LdsCdma\LdsCdmaRegular\Debug\link.read.1.tlog
E:\Yang\project\visual studio\LdsCdma\LdsCdmaRegular\Debug\link.write.1.tlog
E:\Yang\project\visual studio\LdsCdma\LdsCdmaRegular\Debug\link-cvtres.read.1.tlog
E:\Yang\project\visual studio\LdsCdma\LdsCdmaRegular\Debug\link-cvtres.write.1.tlog
E:\Yang\project\visual studio\LdsCdma\LdsCdmaRegular\Debug\mt.command.1.tlog
E:\Yang\project\visual studio\LdsCdma\LdsCdmaRegular\Debug\mt.read.1.tlog
E:\Yang\project\visual studio\LdsCdma\LdsCdmaRegular\Debug\mt.write.1.tlog
E:\YANG\PROJECT\VISUAL STUDIO\LDSCDMA\LDSCDMAREGULAR\DEBUG\RAND.OBJ
E:\Yang\project\visual studio\LdsCdma\LdsCdmaRegular\Debug\rc.command.1.tlog
E:\Yang\project\visual studio\LdsCdma\LdsCdmaRegular\Debug\rc.read.1.tlog
E:\Yang\project\visual studio\LdsCdma\LdsCdmaRegular\Debug\rc.write.1.tlog
E:\YANG\PROJECT\VISUAL STUDIO\LDSCDMA\LDSCDMAREGULAR\DEBUG\STDAFX.OBJ
E:\Yang\project\visual studio\LdsCdma\LdsCdmaRegular\Debug\vc100.idb
E:\YANG\PROJECT\VISUAL STUDIO\LDSCDMA\LDSCDMAREGULAR\DEBUG\VC100.PDB
