Build started 2016/11/16 13:00:57.
     1>Project "E:\Yang\project\visual studio\ldpc\ldpc\ldpc.vcxproj" on node 2 (build target(s)).
     1>InitializeBuildStatus:
         Touching "Debug\ldpc.unsuccessfulbuild".
       ClCompile:
         All outputs are up-to-date.
       ManifestResourceCompile:
         All outputs are up-to-date.
       Link:
         C:\Program Files (x86)\Microsoft Visual Studio 10.0\VC\bin\link.exe /ERRORREPORT:PROMPT /OUT:"E:\Yang\project\visual studio\ldpc\Debug\ldpc.exe" /INCREMENTAL /NOLOGO kernel32.lib user32.lib gdi32.lib winspool.lib comdlg32.lib advapi32.lib shell32.lib ole32.lib oleaut32.lib uuid.lib odbc32.lib odbccp32.lib /MANIFEST /ManifestFile:"Debug\ldpc.exe.intermediate.manifest" /MANIFESTUAC:"level='asInvoker' uiAccess='false'" /DEBUG /PDB:"E:\Yang\project\visual studio\ldpc\Debug\ldpc.pdb" /SUBSYSTEM:CONSOLE /TLBID:1 /DYNAMICBASE /NXCOMPAT /IMPLIB:"E:\Yang\project\visual studio\ldpc\Debug\ldpc.lib" /MACHINE:X86 Debug\ldpc.exe.embed.manifest.res
         Debug\Channel.obj
         Debug\Complex.obj
         Debug\ldpc.obj
         Debug\main.obj
         Debug\Modulate.obj
         Debug\Simulate.obj
         Debug\stdafx.obj
       Manifest:
         C:\Program Files (x86)\Microsoft SDKs\Windows\v7.0A\bin\mt.exe /nologo /verbose /out:"Debug\ldpc.exe.embed.manifest" /manifest Debug\ldpc.exe.intermediate.manifest
         C:\Program Files (x86)\Microsoft SDKs\Windows\v7.0A\bin\rc.exe /nologo /fo"Debug\ldpc.exe.embed.manifest.res" Debug\ldpc_manifest.rc 
       LinkEmbedManifest:
         C:\Program Files (x86)\Microsoft Visual Studio 10.0\VC\bin\link.exe /ERRORREPORT:PROMPT /OUT:"E:\Yang\project\visual studio\ldpc\Debug\ldpc.exe" /INCREMENTAL /NOLOGO kernel32.lib user32.lib gdi32.lib winspool.lib comdlg32.lib advapi32.lib shell32.lib ole32.lib oleaut32.lib uuid.lib odbc32.lib odbccp32.lib /MANIFEST /ManifestFile:"Debug\ldpc.exe.intermediate.manifest" /MANIFESTUAC:"level='asInvoker' uiAccess='false'" /DEBUG /PDB:"E:\Yang\project\visual studio\ldpc\Debug\ldpc.pdb" /SUBSYSTEM:CONSOLE /TLBID:1 /DYNAMICBASE /NXCOMPAT /IMPLIB:"E:\Yang\project\visual studio\ldpc\Debug\ldpc.lib" /MACHINE:X86 Debug\ldpc.exe.embed.manifest.res
         Debug\Channel.obj
         Debug\Complex.obj
         Debug\ldpc.obj
         Debug\main.obj
         Debug\Modulate.obj
         Debug\Simulate.obj
         Debug\stdafx.obj
         ldpc.vcxproj -> E:\Yang\project\visual studio\ldpc\Debug\ldpc.exe
       FinalizeBuildStatus:
         Deleting file "Debug\ldpc.unsuccessfulbuild".
         Touching "Debug\ldpc.lastbuildstate".
     1>Done Building Project "E:\Yang\project\visual studio\ldpc\ldpc\ldpc.vcxproj" (build target(s)).

Build succeeded.

Time Elapsed 00:00:00.65
