E:\YANG\PROJECT\VISUAL STUDIO\LDSCDMA_NBLDPC\DEBUG\LDSCDMA_NBLDPC.EXE
E:\YANG\PROJECT\VISUAL STUDIO\LDSCDMA_NBLDPC\DEBUG\LDSCDMA_NBLDPC.ILK
E:\YANG\PROJECT\VISUAL STUDIO\LDSCDMA_NBLDPC\DEBUG\LDSCDMA_NBLDPC.PDB
E:\Yang\project\visual studio\LdsCdma_NBLDPC\LdsCdma_NBLDPC\Debug\cl.command.1.tlog
E:\Yang\project\visual studio\LdsCdma_NBLDPC\LdsCdma_NBLDPC\Debug\CL.read.1.tlog
E:\Yang\project\visual studio\LdsCdma_NBLDPC\LdsCdma_NBLDPC\Debug\CL.write.1.tlog
E:\YANG\PROJECT\VISUAL STUDIO\LDSCDMA_NBLDPC\LDSCDMA_NBLDPC\DEBUG\COMM.OBJ
E:\YANG\PROJECT\VISUAL STUDIO\LDSCDMA_NBLDPC\LDSCDMA_NBLDPC\DEBUG\COMPLEX.OBJ
E:\YANG\PROJECT\VISUAL STUDIO\LDSCDMA_NBLDPC\LDSCDMA_NBLDPC\DEBUG\GF.OBJ
E:\YANG\PROJECT\VISUAL STUDIO\LDSCDMA_NBLDPC\LDSCDMA_NBLDPC\DEBUG\GFELEMENT.OBJ
E:\YANG\PROJECT\VISUAL STUDIO\LDSCDMA_NBLDPC\LDSCDMA_NBLDPC\DEBUG\LDSCDMA_NBLDPC.EXE.EMBED.MANIFEST
E:\YANG\PROJECT\VISUAL STUDIO\LDSCDMA_NBLDPC\LDSCDMA_NBLDPC\DEBUG\LDSCDMA_NBLDPC.EXE.EMBED.MANIFEST.RES
E:\YANG\PROJECT\VISUAL STUDIO\LDSCDMA_NBLDPC\LDSCDMA_NBLDPC\DEBUG\LDSCDMA_NBLDPC.EXE.INTERMEDIATE.MANIFEST
E:\Yang\project\visual studio\LdsCdma_NBLDPC\LdsCdma_NBLDPC\Debug\LdsCdma_NBLDPC_manifest.rc
E:\YANG\PROJECT\VISUAL STUDIO\LDSCDMA_NBLDPC\LDSCDMA_NBLDPC\DEBUG\LDSCDMANBLDPC_V2.OBJ
E:\Yang\project\visual studio\LdsCdma_NBLDPC\LdsCdma_NBLDPC\Debug\link.7660.read.1.tlog
E:\Yang\project\visual studio\LdsCdma_NBLDPC\LdsCdma_NBLDPC\Debug\link.7660.write.1.tlog
E:\Yang\project\visual studio\LdsCdma_NBLDPC\LdsCdma_NBLDPC\Debug\link.7660-cvtres.read.1.tlog
E:\Yang\project\visual studio\LdsCdma_NBLDPC\LdsCdma_NBLDPC\Debug\link.7660-cvtres.write.1.tlog
E:\Yang\project\visual studio\LdsCdma_NBLDPC\LdsCdma_NBLDPC\Debug\link.command.1.tlog
E:\Yang\project\visual studio\LdsCdma_NBLDPC\LdsCdma_NBLDPC\Debug\link.read.1.tlog
E:\Yang\project\visual studio\LdsCdma_NBLDPC\LdsCdma_NBLDPC\Debug\link.write.1.tlog
E:\Yang\project\visual studio\LdsCdma_NBLDPC\LdsCdma_NBLDPC\Debug\link-cvtres.read.1.tlog
E:\Yang\project\visual studio\LdsCdma_NBLDPC\LdsCdma_NBLDPC\Debug\link-cvtres.write.1.tlog
E:\Yang\project\visual studio\LdsCdma_NBLDPC\LdsCdma_NBLDPC\Debug\mt.command.1.tlog
E:\Yang\project\visual studio\LdsCdma_NBLDPC\LdsCdma_NBLDPC\Debug\mt.read.1.tlog
E:\Yang\project\visual studio\LdsCdma_NBLDPC\LdsCdma_NBLDPC\Debug\mt.write.1.tlog
E:\YANG\PROJECT\VISUAL STUDIO\LDSCDMA_NBLDPC\LDSCDMA_NBLDPC\DEBUG\NBLDPC.OBJ
E:\YANG\PROJECT\VISUAL STUDIO\LDSCDMA_NBLDPC\LDSCDMA_NBLDPC\DEBUG\RAND.OBJ
E:\Yang\project\visual studio\LdsCdma_NBLDPC\LdsCdma_NBLDPC\Debug\rc.command.1.tlog
E:\Yang\project\visual studio\LdsCdma_NBLDPC\LdsCdma_NBLDPC\Debug\rc.read.1.tlog
E:\Yang\project\visual studio\LdsCdma_NBLDPC\LdsCdma_NBLDPC\Debug\rc.write.1.tlog
E:\YANG\PROJECT\VISUAL STUDIO\LDSCDMA_NBLDPC\LDSCDMA_NBLDPC\DEBUG\SIMULATION.OBJ
E:\YANG\PROJECT\VISUAL STUDIO\LDSCDMA_NBLDPC\LDSCDMA_NBLDPC\DEBUG\STDAFX.OBJ
E:\Yang\project\visual studio\LdsCdma_NBLDPC\LdsCdma_NBLDPC\Debug\vc100.idb
E:\YANG\PROJECT\VISUAL STUDIO\LDSCDMA_NBLDPC\LDSCDMA_NBLDPC\DEBUG\VC100.PDB
