E:\YANG\PROJECT\VISUAL STUDIO\LDSCDMA\DEBUG\LDSCDMA.EXE
E:\YANG\PROJECT\VISUAL STUDIO\LDSCDMA\DEBUG\LDSCDMA.ILK
E:\YANG\PROJECT\VISUAL STUDIO\LDSCDMA\DEBUG\LDSCDMA.PDB
E:\Yang\project\visual studio\LdsCdma\LdsCdma\Debug\cl.command.1.tlog
E:\Yang\project\visual studio\LdsCdma\LdsCdma\Debug\CL.read.1.tlog
E:\Yang\project\visual studio\LdsCdma\LdsCdma\Debug\CL.write.1.tlog
E:\YANG\PROJECT\VISUAL STUDIO\LDSCDMA\LDSCDMA\DEBUG\COMM.OBJ
E:\YANG\PROJECT\VISUAL STUDIO\LDSCDMA\LDSCDMA\DEBUG\COMPLEX.OBJ
E:\YANG\PROJECT\VISUAL STUDIO\LDSCDMA\LDSCDMA\DEBUG\LDSCDMA.EXE.EMBED.MANIFEST
E:\YANG\PROJECT\VISUAL STUDIO\LDSCDMA\LDSCDMA\DEBUG\LDSCDMA.EXE.EMBED.MANIFEST.RES
E:\YANG\PROJECT\VISUAL STUDIO\LDSCDMA\LDSCDMA\DEBUG\LDSCDMA.EXE.INTERMEDIATE.MANIFEST
E:\Yang\project\visual studio\LdsCdma\LdsCdma\Debug\LdsCdma_manifest.rc
E:\YANG\PROJECT\VISUAL STUDIO\LDSCDMA\LDSCDMA\DEBUG\LDSCDMA_V1.OBJ
E:\Yang\project\visual studio\LdsCdma\LdsCdma\Debug\link.6156.read.1.tlog
E:\Yang\project\visual studio\LdsCdma\LdsCdma\Debug\link.6156.write.1.tlog
E:\Yang\project\visual studio\LdsCdma\LdsCdma\Debug\link.6156-cvtres.read.1.tlog
E:\Yang\project\visual studio\LdsCdma\LdsCdma\Debug\link.6156-cvtres.write.1.tlog
E:\Yang\project\visual studio\LdsCdma\LdsCdma\Debug\link.command.1.tlog
E:\Yang\project\visual studio\LdsCdma\LdsCdma\Debug\link.read.1.tlog
E:\Yang\project\visual studio\LdsCdma\LdsCdma\Debug\link.write.1.tlog
E:\Yang\project\visual studio\LdsCdma\LdsCdma\Debug\link-cvtres.read.1.tlog
E:\Yang\project\visual studio\LdsCdma\LdsCdma\Debug\link-cvtres.write.1.tlog
E:\Yang\project\visual studio\LdsCdma\LdsCdma\Debug\mt.command.1.tlog
E:\Yang\project\visual studio\LdsCdma\LdsCdma\Debug\mt.read.1.tlog
E:\Yang\project\visual studio\LdsCdma\LdsCdma\Debug\mt.write.1.tlog
E:\YANG\PROJECT\VISUAL STUDIO\LDSCDMA\LDSCDMA\DEBUG\RAND.OBJ
E:\Yang\project\visual studio\LdsCdma\LdsCdma\Debug\rc.command.1.tlog
E:\Yang\project\visual studio\LdsCdma\LdsCdma\Debug\rc.read.1.tlog
E:\Yang\project\visual studio\LdsCdma\LdsCdma\Debug\rc.write.1.tlog
E:\YANG\PROJECT\VISUAL STUDIO\LDSCDMA\LDSCDMA\DEBUG\STDAFX.OBJ
E:\Yang\project\visual studio\LdsCdma\LdsCdma\Debug\vc100.idb
E:\YANG\PROJECT\VISUAL STUDIO\LDSCDMA\LDSCDMA\DEBUG\VC100.PDB
