Build started 2016/11/16 16:00:07.
     1>Project "E:\Yang\project\visual studio\LdsCdma_ldpc\LdsCdma_ldpc\LdsCdma_ldpc.vcxproj" on node 2 (build target(s)).
     1>InitializeBuildStatus:
         Creating "Debug\LdsCdma_ldpc.unsuccessfulbuild" because "AlwaysCreate" was specified.
       ClCompile:
         C:\Program Files (x86)\Microsoft Visual Studio 10.0\VC\bin\CL.exe /c /ZI /nologo /W3 /WX- /Od /Oy- /D WIN32 /D _DEBUG /D _CONSOLE /D _UNICODE /D UNICODE /Gm /EHsc /RTC1 /MDd /GS /fp:precise /Zc:wchar_t /Zc:forScope /Fo"Debug\\" /Fd"Debug\vc100.pdb" /Gd /TP /analyze- /errorReport:prompt LdsCDMA.cpp
         LdsCDMA.cpp
       ManifestResourceCompile:
         All outputs are up-to-date.
       Link:
         C:\Program Files (x86)\Microsoft Visual Studio 10.0\VC\bin\link.exe /ERRORREPORT:PROMPT /OUT:"E:\Yang\project\visual studio\LdsCdma_ldpc\Debug\LdsCdma_ldpc.exe" /INCREMENTAL /NOLOGO kernel32.lib user32.lib gdi32.lib winspool.lib comdlg32.lib advapi32.lib shell32.lib ole32.lib oleaut32.lib uuid.lib odbc32.lib odbccp32.lib /MANIFEST /ManifestFile:"Debug\LdsCdma_ldpc.exe.intermediate.manifest" /MANIFESTUAC:"level='asInvoker' uiAccess='false'" /DEBUG /PDB:"E:\Yang\project\visual studio\LdsCdma_ldpc\Debug\LdsCdma_ldpc.pdb" /SUBSYSTEM:CONSOLE /TLBID:1 /DYNAMICBASE /NXCOMPAT /IMPLIB:"E:\Yang\project\visual studio\LdsCdma_ldpc\Debug\LdsCdma_ldpc.lib" /MACHINE:X86 Debug\LdsCdma_ldpc.exe.embed.manifest.res
         Debug\Comm.obj
         Debug\Complex.obj
         Debug\LDPC.obj
         Debug\LdsCDMA.obj
         Debug\Rand.obj
         Debug\stdafx.obj
       Manifest:
         C:\Program Files (x86)\Microsoft SDKs\Windows\v7.0A\bin\mt.exe /nologo /verbose /out:"Debug\LdsCdma_ldpc.exe.embed.manifest" /manifest Debug\LdsCdma_ldpc.exe.intermediate.manifest
         All outputs are up-to-date.
       LinkEmbedManifest:
         All outputs are up-to-date.
         LdsCdma_ldpc.vcxproj -> E:\Yang\project\visual studio\LdsCdma_ldpc\Debug\LdsCdma_ldpc.exe
       FinalizeBuildStatus:
         Deleting file "Debug\LdsCdma_ldpc.unsuccessfulbuild".
         Touching "Debug\LdsCdma_ldpc.lastbuildstate".
     1>Done Building Project "E:\Yang\project\visual studio\LdsCdma_ldpc\LdsCdma_ldpc\LdsCdma_ldpc.vcxproj" (build target(s)).

Build succeeded.

Time Elapsed 00:00:00.76
