Build started 2016/12/13 12:15:54.
     1>Project "E:\Yang\project\visual studio\LdsCdma\LdsCdmaRegularQPSK\LdsCdmaRegularQPSK.vcxproj" on node 2 (build target(s)).
     1>InitializeBuildStatus:
         Creating "Debug\LdsCdmaRegularQPSK.unsuccessfulbuild" because "AlwaysCreate" was specified.
       ClCompile:
         C:\Program Files (x86)\Microsoft Visual Studio 10.0\VC\bin\CL.exe /c /ZI /nologo /W3 /WX- /Od /Oy- /D WIN32 /D _DEBUG /D _CONSOLE /D _UNICODE /D UNICODE /Gm /EHsc /RTC1 /MDd /GS /fp:precise /Zc:wchar_t /Zc:forScope /Fo"Debug\\" /Fd"Debug\vc100.pdb" /Gd /TP /analyze- /errorReport:prompt Comm.cpp
         Comm.cpp
       ManifestResourceCompile:
         All outputs are up-to-date.
       Link:
         C:\Program Files (x86)\Microsoft Visual Studio 10.0\VC\bin\link.exe /ERRORREPORT:PROMPT /OUT:"E:\Yang\project\visual studio\LdsCdma\Debug\LdsCdmaRegularQPSK.exe" /INCREMENTAL /NOLOGO kernel32.lib user32.lib gdi32.lib winspool.lib comdlg32.lib advapi32.lib shell32.lib ole32.lib oleaut32.lib uuid.lib odbc32.lib odbccp32.lib /MANIFEST /ManifestFile:"Debug\LdsCdmaRegularQPSK.exe.intermediate.manifest" /MANIFESTUAC:"level='asInvoker' uiAccess='false'" /DEBUG /PDB:"E:\Yang\project\visual studio\LdsCdma\Debug\LdsCdmaRegularQPSK.pdb" /SUBSYSTEM:CONSOLE /TLBID:1 /DYNAMICBASE /NXCOMPAT /IMPLIB:"E:\Yang\project\visual studio\LdsCdma\Debug\LdsCdmaRegularQPSK.lib" /MACHINE:X86 Debug\LdsCdmaRegularQPSK.exe.embed.manifest.res
         Debug\Comm.obj
         Debug\Complex.obj
         Debug\LdsCdmaRegularQPSK.obj
         Debug\Rand.obj
         Debug\stdafx.obj
       Manifest:
         C:\Program Files (x86)\Microsoft SDKs\Windows\v7.0A\bin\mt.exe /nologo /verbose /out:"Debug\LdsCdmaRegularQPSK.exe.embed.manifest" /manifest Debug\LdsCdmaRegularQPSK.exe.intermediate.manifest
         All outputs are up-to-date.
       LinkEmbedManifest:
         All outputs are up-to-date.
         LdsCdmaRegularQPSK.vcxproj -> E:\Yang\project\visual studio\LdsCdma\Debug\LdsCdmaRegularQPSK.exe
       FinalizeBuildStatus:
         Deleting file "Debug\LdsCdmaRegularQPSK.unsuccessfulbuild".
         Touching "Debug\LdsCdmaRegularQPSK.lastbuildstate".
     1>Done Building Project "E:\Yang\project\visual studio\LdsCdma\LdsCdmaRegularQPSK\LdsCdmaRegularQPSK.vcxproj" (build target(s)).

Build succeeded.

Time Elapsed 00:00:00.98
